############################################
Time: 20230528-144516
Mission: pretrain
Train Checkpoint dir: pretrain_05-28
--------------------------------------------
Tips: 
############################################
Sun May 28 14:45:17 2023       
+-----------------------------------------------------------------------------+
| NVIDIA-SMI 460.56       Driver Version: 460.56       CUDA Version: 11.2     |
|-------------------------------+----------------------+----------------------+
| GPU  Name        Persistence-M| Bus-Id        Disp.A | Volatile Uncorr. ECC |
| Fan  Temp  Perf  Pwr:Usage/Cap|         Memory-Usage | GPU-Util  Compute M. |
|                               |                      |               MIG M. |
|===============================+======================+======================|
|   0  A100-SXM-80GB       On   | 00000000:05:00.0 Off |                    0 |
| N/A   30C    P0    37W / 400W |      0MiB / 81251MiB |      0%      Default |
|                               |                      |             Disabled |
+-------------------------------+----------------------+----------------------+
                                                                               
+-----------------------------------------------------------------------------+
| Processes:                                                                  |
|  GPU   GI   CI        PID   Type   Process name                  GPU Memory |
|        ID   ID                                                   Usage      |
|=============================================================================|
|  No running processes found                                                 |
+-----------------------------------------------------------------------------+
Namespace(batch_size=None, dataset_dir='/users10/hanc/EG3P/data/pretrain_mixed_1M', exp_dir='../checkpoints/pretrain_05-28', gradient_accumulation=4, learning_rate=3e-05, max_tokens=1536, model_arch='bart_large', model_path='/users10/hanc/EG3P/models/bart.large/model.pt', save_interval=10000, sub_task='pretrain_05-28', subcommand='train', total_num_update=50000, valid_interval=1000, wandb=0, warmup_update=7500)
2023-05-28 14:45:19 | INFO | __main__ | Begin to train model for dataset /users10/hanc/EG3P/data/pretrain_mixed_1M
2023-05-28 14:45:19 | INFO | __main__ | Running command  fairseq-train /users10/hanc/EG3P/data/pretrain_mixed_1M/bin --save-dir ../checkpoints/pretrain_05-28 --restore-file /users10/hanc/EG3P/models/bart.large/model.pt --arch bart_large --memory-efficient-fp16 --task translation --criterion label_smoothed_cross_entropy --source-lang src --target-lang tgt --truncate-source --label-smoothing 0.1 --max-source-positions 1024 --max-tokens 1536 --update-freq 4 --max-update 50000 --required-batch-size-multiple 1 --dropout 0.1 --attention-dropout 0.1 --relu-dropout 0.0 --weight-decay 0.01 --optimizer adam --adam-eps 1e-08 --clip-norm 0.1 --lr-scheduler polynomial_decay --lr 3e-05 --total-num-update 50000 --warmup-updates 7500 --ddp-backend no_c10d --num-workers 20 --reset-meters --reset-optimizer --reset-dataloader --share-all-embeddings --layernorm-embedding --share-decoder-input-output-embed --skip-invalid-size-inputs-valid-test --log-format json --log-interval 10 --save-interval-updates 10000 --validate-interval 1000 --save-interval 10000 --patience 200 --report-accuracy 
2023-05-28 14:45:19 | INFO | fairseq_cli.train | Namespace(activation_dropout=0.0, activation_fn='gelu', adam_betas='(0.9, 0.999)', adam_eps=1e-08, adaptive_softmax_cutoff=None, adaptive_softmax_dropout=0, all_gather_list_size=16384, arch='bart_large', attention_dropout=0.1, batch_size=None, batch_size_valid=None, best_checkpoint_metric='loss', bf16=False, bpe=None, broadcast_buffers=False, bucket_cap_mb=25, checkpoint_shard_count=1, checkpoint_suffix='', clip_norm=0.1, cpu=False, criterion='label_smoothed_cross_entropy', cross_self_attention=False, curriculum=0, data='/users10/hanc/EG3P/data/pretrain_mixed_1M/bin', data_buffer_size=10, dataset_impl=None, ddp_backend='no_c10d', decoder_attention_heads=16, decoder_embed_dim=1024, decoder_embed_path=None, decoder_ffn_embed_dim=4096, decoder_input_dim=1024, decoder_layerdrop=0, decoder_layers=12, decoder_layers_to_keep=None, decoder_learned_pos=True, decoder_normalize_before=False, decoder_output_dim=1024, device_id=0, disable_validation=False, distributed_backend='nccl', distributed_init_method=None, distributed_no_spawn=False, distributed_num_procs=1, distributed_port=-1, distributed_rank=0, distributed_world_size=1, distributed_wrapper='DDP', dropout=0.1, empty_cache_freq=0, encoder_attention_heads=16, encoder_embed_dim=1024, encoder_embed_path=None, encoder_ffn_embed_dim=4096, encoder_layerdrop=0, encoder_layers=12, encoder_layers_to_keep=None, encoder_learned_pos=True, encoder_normalize_before=False, end_learning_rate=0.0, eval_bleu=False, eval_bleu_args=None, eval_bleu_detok='space', eval_bleu_detok_args=None, eval_bleu_print_samples=False, eval_bleu_remove_bpe=None, eval_tokenized_bleu=False, fast_stat_sync=False, find_unused_parameters=False, finetune_from_model=None, fix_batches_to_gpus=False, fixed_validation_seed=None, force_anneal=None, fp16=True, fp16_init_scale=128, fp16_no_flatten_grads=False, fp16_scale_tolerance=0.0, fp16_scale_window=None, gen_subset='test', ignore_prefix_size=0, keep_best_checkpoints=-1, keep_interval_updates=-1, keep_last_epochs=-1, label_smoothing=0.1, layernorm_embedding=True, left_pad_source='True', left_pad_target='False', load_alignments=False, localsgd_frequency=3, log_format='json', log_interval=10, lr=[3e-05], lr_scheduler='polynomial_decay', max_epoch=0, max_source_positions=1024, max_target_positions=1024, max_tokens=1536, max_tokens_valid=1536, max_update=50000, maximize_best_checkpoint_metric=False, memory_efficient_bf16=False, memory_efficient_fp16=True, min_loss_scale=0.0001, min_lr=-1.0, model_parallel_size=1, no_cross_attention=False, no_epoch_checkpoints=False, no_last_checkpoints=False, no_progress_bar=False, no_save=False, no_save_optimizer_state=False, no_scale_embedding=True, no_seed_provided=False, no_token_positional_embeddings=False, nprocs_per_node=1, num_batch_buckets=0, num_shards=1, num_workers=20, optimizer='adam', optimizer_overrides='{}', patience=200, pipeline_balance=None, pipeline_checkpoint='never', pipeline_chunks=0, pipeline_decoder_balance=None, pipeline_decoder_devices=None, pipeline_devices=None, pipeline_encoder_balance=None, pipeline_encoder_devices=None, pipeline_model_parallel=False, pooler_activation_fn='tanh', pooler_dropout=0.0, power=1.0, profile=False, quant_noise_pq=0, quant_noise_pq_block_size=8, quant_noise_scalar=0, quantization_config_path=None, relu_dropout=0.0, report_accuracy=True, required_batch_size_multiple=1, required_seq_len_multiple=1, reset_dataloader=True, reset_lr_scheduler=False, reset_meters=True, reset_optimizer=True, restore_file='/users10/hanc/EG3P/models/bart.large/model.pt', save_dir='../checkpoints/pretrain_05-28', save_interval=10000, save_interval_updates=10000, scoring='bleu', seed=1, sentence_avg=False, shard_id=0, share_all_embeddings=True, share_decoder_input_output_embed=True, skip_invalid_size_inputs_valid_test=True, slowmo_algorithm='LocalSGD', slowmo_momentum=None, source_lang='src', stop_time_hours=0, target_lang='tgt', task='translation', tensorboard_logdir=None, threshold_loss_scale=None, tokenizer=None, total_num_update=50000, tpu=False, train_subset='train', truncate_source=True, update_freq=[4], upsample_primary=1, use_bmuf=False, use_old_adam=False, user_dir=None, valid_subset='valid', validate_after_updates=0, validate_interval=1000, validate_interval_updates=0, warmup_updates=7500, weight_decay=0.01, zero_sharding='none')
2023-05-28 14:45:19 | INFO | fairseq.tasks.translation | [src] dictionary: 50264 types
2023-05-28 14:45:19 | INFO | fairseq.tasks.translation | [tgt] dictionary: 50264 types
2023-05-28 14:45:19 | INFO | fairseq.data.data_utils | loaded 100581 examples from: /users10/hanc/EG3P/data/pretrain_mixed_1M/bin/valid.src-tgt.src
2023-05-28 14:45:19 | INFO | fairseq.data.data_utils | loaded 100581 examples from: /users10/hanc/EG3P/data/pretrain_mixed_1M/bin/valid.src-tgt.tgt
2023-05-28 14:45:19 | INFO | fairseq.tasks.translation | /users10/hanc/EG3P/data/pretrain_mixed_1M/bin valid src-tgt 100581 examples
2023-05-28 14:45:28 | INFO | fairseq_cli.train | BARTModel(
  (encoder): TransformerEncoder(
    (dropout_module): FairseqDropout()
    (embed_tokens): Embedding(50264, 1024, padding_idx=1)
    (embed_positions): LearnedPositionalEmbedding(1026, 1024, padding_idx=1)
    (layernorm_embedding): LayerNorm((1024,), eps=1e-05, elementwise_affine=True)
    (layers): ModuleList(
      (0): TransformerEncoderLayer(
        (self_attn): MultiheadAttention(
          (dropout_module): FairseqDropout()
          (k_proj): Linear(in_features=1024, out_features=1024, bias=True)
          (v_proj): Linear(in_features=1024, out_features=1024, bias=True)
          (q_proj): Linear(in_features=1024, out_features=1024, bias=True)
          (out_proj): Linear(in_features=1024, out_features=1024, bias=True)
        )
        (self_attn_layer_norm): LayerNorm((1024,), eps=1e-05, elementwise_affine=True)
        (dropout_module): FairseqDropout()
        (activation_dropout_module): FairseqDropout()
        (fc1): Linear(in_features=1024, out_features=4096, bias=True)
        (fc2): Linear(in_features=4096, out_features=1024, bias=True)
        (final_layer_norm): LayerNorm((1024,), eps=1e-05, elementwise_affine=True)
      )
      (1): TransformerEncoderLayer(
        (self_attn): MultiheadAttention(
          (dropout_module): FairseqDropout()
          (k_proj): Linear(in_features=1024, out_features=1024, bias=True)
          (v_proj): Linear(in_features=1024, out_features=1024, bias=True)
          (q_proj): Linear(in_features=1024, out_features=1024, bias=True)
          (out_proj): Linear(in_features=1024, out_features=1024, bias=True)
        )
        (self_attn_layer_norm): LayerNorm((1024,), eps=1e-05, elementwise_affine=True)
        (dropout_module): FairseqDropout()
        (activation_dropout_module): FairseqDropout()
        (fc1): Linear(in_features=1024, out_features=4096, bias=True)
        (fc2): Linear(in_features=4096, out_features=1024, bias=True)
        (final_layer_norm): LayerNorm((1024,), eps=1e-05, elementwise_affine=True)
      )
      (2): TransformerEncoderLayer(
        (self_attn): MultiheadAttention(
          (dropout_module): FairseqDropout()
          (k_proj): Linear(in_features=1024, out_features=1024, bias=True)
          (v_proj): Linear(in_features=1024, out_features=1024, bias=True)
          (q_proj): Linear(in_features=1024, out_features=1024, bias=True)
          (out_proj): Linear(in_features=1024, out_features=1024, bias=True)
        )
        (self_attn_layer_norm): LayerNorm((1024,), eps=1e-05, elementwise_affine=True)
        (dropout_module): FairseqDropout()
        (activation_dropout_module): FairseqDropout()
        (fc1): Linear(in_features=1024, out_features=4096, bias=True)
        (fc2): Linear(in_features=4096, out_features=1024, bias=True)
        (final_layer_norm): LayerNorm((1024,), eps=1e-05, elementwise_affine=True)
      )
      (3): TransformerEncoderLayer(
        (self_attn): MultiheadAttention(
          (dropout_module): FairseqDropout()
          (k_proj): Linear(in_features=1024, out_features=1024, bias=True)
          (v_proj): Linear(in_features=1024, out_features=1024, bias=True)
          (q_proj): Linear(in_features=1024, out_features=1024, bias=True)
          (out_proj): Linear(in_features=1024, out_features=1024, bias=True)
        )
        (self_attn_layer_norm): LayerNorm((1024,), eps=1e-05, elementwise_affine=True)
        (dropout_module): FairseqDropout()
        (activation_dropout_module): FairseqDropout()
        (fc1): Linear(in_features=1024, out_features=4096, bias=True)
        (fc2): Linear(in_features=4096, out_features=1024, bias=True)
        (final_layer_norm): LayerNorm((1024,), eps=1e-05, elementwise_affine=True)
      )
      (4): TransformerEncoderLayer(
        (self_attn): MultiheadAttention(
          (dropout_module): FairseqDropout()
          (k_proj): Linear(in_features=1024, out_features=1024, bias=True)
          (v_proj): Linear(in_features=1024, out_features=1024, bias=True)
          (q_proj): Linear(in_features=1024, out_features=1024, bias=True)
          (out_proj): Linear(in_features=1024, out_features=1024, bias=True)
        )
        (self_attn_layer_norm): LayerNorm((1024,), eps=1e-05, elementwise_affine=True)
        (dropout_module): FairseqDropout()
        (activation_dropout_module): FairseqDropout()
        (fc1): Linear(in_features=1024, out_features=4096, bias=True)
        (fc2): Linear(in_features=4096, out_features=1024, bias=True)
        (final_layer_norm): LayerNorm((1024,), eps=1e-05, elementwise_affine=True)
      )
      (5): TransformerEncoderLayer(
        (self_attn): MultiheadAttention(
          (dropout_module): FairseqDropout()
          (k_proj): Linear(in_features=1024, out_features=1024, bias=True)
          (v_proj): Linear(in_features=1024, out_features=1024, bias=True)
          (q_proj): Linear(in_features=1024, out_features=1024, bias=True)
          (out_proj): Linear(in_features=1024, out_features=1024, bias=True)
        )
        (self_attn_layer_norm): LayerNorm((1024,), eps=1e-05, elementwise_affine=True)
        (dropout_module): FairseqDropout()
        (activation_dropout_module): FairseqDropout()
        (fc1): Linear(in_features=1024, out_features=4096, bias=True)
        (fc2): Linear(in_features=4096, out_features=1024, bias=True)
        (final_layer_norm): LayerNorm((1024,), eps=1e-05, elementwise_affine=True)
      )
      (6): TransformerEncoderLayer(
        (self_attn): MultiheadAttention(
          (dropout_module): FairseqDropout()
          (k_proj): Linear(in_features=1024, out_features=1024, bias=True)
          (v_proj): Linear(in_features=1024, out_features=1024, bias=True)
          (q_proj): Linear(in_features=1024, out_features=1024, bias=True)
          (out_proj): Linear(in_features=1024, out_features=1024, bias=True)
        )
        (self_attn_layer_norm): LayerNorm((1024,), eps=1e-05, elementwise_affine=True)
        (dropout_module): FairseqDropout()
        (activation_dropout_module): FairseqDropout()
        (fc1): Linear(in_features=1024, out_features=4096, bias=True)
        (fc2): Linear(in_features=4096, out_features=1024, bias=True)
        (final_layer_norm): LayerNorm((1024,), eps=1e-05, elementwise_affine=True)
      )
      (7): TransformerEncoderLayer(
        (self_attn): MultiheadAttention(
          (dropout_module): FairseqDropout()
          (k_proj): Linear(in_features=1024, out_features=1024, bias=True)
          (v_proj): Linear(in_features=1024, out_features=1024, bias=True)
          (q_proj): Linear(in_features=1024, out_features=1024, bias=True)
          (out_proj): Linear(in_features=1024, out_features=1024, bias=True)
        )
        (self_attn_layer_norm): LayerNorm((1024,), eps=1e-05, elementwise_affine=True)
        (dropout_module): FairseqDropout()
        (activation_dropout_module): FairseqDropout()
        (fc1): Linear(in_features=1024, out_features=4096, bias=True)
        (fc2): Linear(in_features=4096, out_features=1024, bias=True)
        (final_layer_norm): LayerNorm((1024,), eps=1e-05, elementwise_affine=True)
      )
      (8): TransformerEncoderLayer(
        (self_attn): MultiheadAttention(
          (dropout_module): FairseqDropout()
          (k_proj): Linear(in_features=1024, out_features=1024, bias=True)
          (v_proj): Linear(in_features=1024, out_features=1024, bias=True)
          (q_proj): Linear(in_features=1024, out_features=1024, bias=True)
          (out_proj): Linear(in_features=1024, out_features=1024, bias=True)
        )
        (self_attn_layer_norm): LayerNorm((1024,), eps=1e-05, elementwise_affine=True)
        (dropout_module): FairseqDropout()
        (activation_dropout_module): FairseqDropout()
        (fc1): Linear(in_features=1024, out_features=4096, bias=True)
        (fc2): Linear(in_features=4096, out_features=1024, bias=True)
        (final_layer_norm): LayerNorm((1024,), eps=1e-05, elementwise_affine=True)
      )
      (9): TransformerEncoderLayer(
        (self_attn): MultiheadAttention(
          (dropout_module): FairseqDropout()
          (k_proj): Linear(in_features=1024, out_features=1024, bias=True)
          (v_proj): Linear(in_features=1024, out_features=1024, bias=True)
          (q_proj): Linear(in_features=1024, out_features=1024, bias=True)
          (out_proj): Linear(in_features=1024, out_features=1024, bias=True)
        )
        (self_attn_layer_norm): LayerNorm((1024,), eps=1e-05, elementwise_affine=True)
        (dropout_module): FairseqDropout()
        (activation_dropout_module): FairseqDropout()
        (fc1): Linear(in_features=1024, out_features=4096, bias=True)
        (fc2): Linear(in_features=4096, out_features=1024, bias=True)
        (final_layer_norm): LayerNorm((1024,), eps=1e-05, elementwise_affine=True)
      )
      (10): TransformerEncoderLayer(
        (self_attn): MultiheadAttention(
          (dropout_module): FairseqDropout()
          (k_proj): Linear(in_features=1024, out_features=1024, bias=True)
          (v_proj): Linear(in_features=1024, out_features=1024, bias=True)
          (q_proj): Linear(in_features=1024, out_features=1024, bias=True)
          (out_proj): Linear(in_features=1024, out_features=1024, bias=True)
        )
        (self_attn_layer_norm): LayerNorm((1024,), eps=1e-05, elementwise_affine=True)
        (dropout_module): FairseqDropout()
        (activation_dropout_module): FairseqDropout()
        (fc1): Linear(in_features=1024, out_features=4096, bias=True)
        (fc2): Linear(in_features=4096, out_features=1024, bias=True)
        (final_layer_norm): LayerNorm((1024,), eps=1e-05, elementwise_affine=True)
      )
      (11): TransformerEncoderLayer(
        (self_attn): MultiheadAttention(
          (dropout_module): FairseqDropout()
          (k_proj): Linear(in_features=1024, out_features=1024, bias=True)
          (v_proj): Linear(in_features=1024, out_features=1024, bias=True)
          (q_proj): Linear(in_features=1024, out_features=1024, bias=True)
          (out_proj): Linear(in_features=1024, out_features=1024, bias=True)
        )
        (self_attn_layer_norm): LayerNorm((1024,), eps=1e-05, elementwise_affine=True)
        (dropout_module): FairseqDropout()
        (activation_dropout_module): FairseqDropout()
        (fc1): Linear(in_features=1024, out_features=4096, bias=True)
        (fc2): Linear(in_features=4096, out_features=1024, bias=True)
        (final_layer_norm): LayerNorm((1024,), eps=1e-05, elementwise_affine=True)
      )
    )
  )
  (decoder): TransformerDecoder(
    (dropout_module): FairseqDropout()
    (embed_tokens): Embedding(50264, 1024, padding_idx=1)
    (embed_positions): LearnedPositionalEmbedding(1026, 1024, padding_idx=1)
    (layernorm_embedding): LayerNorm((1024,), eps=1e-05, elementwise_affine=True)
    (layers): ModuleList(
      (0): TransformerDecoderLayer(
        (dropout_module): FairseqDropout()
        (self_attn): MultiheadAttention(
          (dropout_module): FairseqDropout()
          (k_proj): Linear(in_features=1024, out_features=1024, bias=True)
          (v_proj): Linear(in_features=1024, out_features=1024, bias=True)
          (q_proj): Linear(in_features=1024, out_features=1024, bias=True)
          (out_proj): Linear(in_features=1024, out_features=1024, bias=True)
        )
        (activation_dropout_module): FairseqDropout()
        (self_attn_layer_norm): LayerNorm((1024,), eps=1e-05, elementwise_affine=True)
        (encoder_attn): MultiheadAttention(
          (dropout_module): FairseqDropout()
          (k_proj): Linear(in_features=1024, out_features=1024, bias=True)
          (v_proj): Linear(in_features=1024, out_features=1024, bias=True)
          (q_proj): Linear(in_features=1024, out_features=1024, bias=True)
          (out_proj): Linear(in_features=1024, out_features=1024, bias=True)
        )
        (encoder_attn_layer_norm): LayerNorm((1024,), eps=1e-05, elementwise_affine=True)
        (fc1): Linear(in_features=1024, out_features=4096, bias=True)
        (fc2): Linear(in_features=4096, out_features=1024, bias=True)
        (final_layer_norm): LayerNorm((1024,), eps=1e-05, elementwise_affine=True)
      )
      (1): TransformerDecoderLayer(
        (dropout_module): FairseqDropout()
        (self_attn): MultiheadAttention(
          (dropout_module): FairseqDropout()
          (k_proj): Linear(in_features=1024, out_features=1024, bias=True)
          (v_proj): Linear(in_features=1024, out_features=1024, bias=True)
          (q_proj): Linear(in_features=1024, out_features=1024, bias=True)
          (out_proj): Linear(in_features=1024, out_features=1024, bias=True)
        )
        (activation_dropout_module): FairseqDropout()
        (self_attn_layer_norm): LayerNorm((1024,), eps=1e-05, elementwise_affine=True)
        (encoder_attn): MultiheadAttention(
          (dropout_module): FairseqDropout()
          (k_proj): Linear(in_features=1024, out_features=1024, bias=True)
          (v_proj): Linear(in_features=1024, out_features=1024, bias=True)
          (q_proj): Linear(in_features=1024, out_features=1024, bias=True)
          (out_proj): Linear(in_features=1024, out_features=1024, bias=True)
        )
        (encoder_attn_layer_norm): LayerNorm((1024,), eps=1e-05, elementwise_affine=True)
        (fc1): Linear(in_features=1024, out_features=4096, bias=True)
        (fc2): Linear(in_features=4096, out_features=1024, bias=True)
        (final_layer_norm): LayerNorm((1024,), eps=1e-05, elementwise_affine=True)
      )
      (2): TransformerDecoderLayer(
        (dropout_module): FairseqDropout()
        (self_attn): MultiheadAttention(
          (dropout_module): FairseqDropout()
          (k_proj): Linear(in_features=1024, out_features=1024, bias=True)
          (v_proj): Linear(in_features=1024, out_features=1024, bias=True)
          (q_proj): Linear(in_features=1024, out_features=1024, bias=True)
          (out_proj): Linear(in_features=1024, out_features=1024, bias=True)
        )
        (activation_dropout_module): FairseqDropout()
        (self_attn_layer_norm): LayerNorm((1024,), eps=1e-05, elementwise_affine=True)
        (encoder_attn): MultiheadAttention(
          (dropout_module): FairseqDropout()
          (k_proj): Linear(in_features=1024, out_features=1024, bias=True)
          (v_proj): Linear(in_features=1024, out_features=1024, bias=True)
          (q_proj): Linear(in_features=1024, out_features=1024, bias=True)
          (out_proj): Linear(in_features=1024, out_features=1024, bias=True)
        )
        (encoder_attn_layer_norm): LayerNorm((1024,), eps=1e-05, elementwise_affine=True)
        (fc1): Linear(in_features=1024, out_features=4096, bias=True)
        (fc2): Linear(in_features=4096, out_features=1024, bias=True)
        (final_layer_norm): LayerNorm((1024,), eps=1e-05, elementwise_affine=True)
      )
      (3): TransformerDecoderLayer(
        (dropout_module): FairseqDropout()
        (self_attn): MultiheadAttention(
          (dropout_module): FairseqDropout()
          (k_proj): Linear(in_features=1024, out_features=1024, bias=True)
          (v_proj): Linear(in_features=1024, out_features=1024, bias=True)
          (q_proj): Linear(in_features=1024, out_features=1024, bias=True)
          (out_proj): Linear(in_features=1024, out_features=1024, bias=True)
        )
        (activation_dropout_module): FairseqDropout()
        (self_attn_layer_norm): LayerNorm((1024,), eps=1e-05, elementwise_affine=True)
        (encoder_attn): MultiheadAttention(
          (dropout_module): FairseqDropout()
          (k_proj): Linear(in_features=1024, out_features=1024, bias=True)
          (v_proj): Linear(in_features=1024, out_features=1024, bias=True)
          (q_proj): Linear(in_features=1024, out_features=1024, bias=True)
          (out_proj): Linear(in_features=1024, out_features=1024, bias=True)
        )
        (encoder_attn_layer_norm): LayerNorm((1024,), eps=1e-05, elementwise_affine=True)
        (fc1): Linear(in_features=1024, out_features=4096, bias=True)
        (fc2): Linear(in_features=4096, out_features=1024, bias=True)
        (final_layer_norm): LayerNorm((1024,), eps=1e-05, elementwise_affine=True)
      )
      (4): TransformerDecoderLayer(
        (dropout_module): FairseqDropout()
        (self_attn): MultiheadAttention(
          (dropout_module): FairseqDropout()
          (k_proj): Linear(in_features=1024, out_features=1024, bias=True)
          (v_proj): Linear(in_features=1024, out_features=1024, bias=True)
          (q_proj): Linear(in_features=1024, out_features=1024, bias=True)
          (out_proj): Linear(in_features=1024, out_features=1024, bias=True)
        )
        (activation_dropout_module): FairseqDropout()
        (self_attn_layer_norm): LayerNorm((1024,), eps=1e-05, elementwise_affine=True)
        (encoder_attn): MultiheadAttention(
          (dropout_module): FairseqDropout()
          (k_proj): Linear(in_features=1024, out_features=1024, bias=True)
          (v_proj): Linear(in_features=1024, out_features=1024, bias=True)
          (q_proj): Linear(in_features=1024, out_features=1024, bias=True)
          (out_proj): Linear(in_features=1024, out_features=1024, bias=True)
        )
        (encoder_attn_layer_norm): LayerNorm((1024,), eps=1e-05, elementwise_affine=True)
        (fc1): Linear(in_features=1024, out_features=4096, bias=True)
        (fc2): Linear(in_features=4096, out_features=1024, bias=True)
        (final_layer_norm): LayerNorm((1024,), eps=1e-05, elementwise_affine=True)
      )
      (5): TransformerDecoderLayer(
        (dropout_module): FairseqDropout()
        (self_attn): MultiheadAttention(
          (dropout_module): FairseqDropout()
          (k_proj): Linear(in_features=1024, out_features=1024, bias=True)
          (v_proj): Linear(in_features=1024, out_features=1024, bias=True)
          (q_proj): Linear(in_features=1024, out_features=1024, bias=True)
          (out_proj): Linear(in_features=1024, out_features=1024, bias=True)
        )
        (activation_dropout_module): FairseqDropout()
        (self_attn_layer_norm): LayerNorm((1024,), eps=1e-05, elementwise_affine=True)
        (encoder_attn): MultiheadAttention(
          (dropout_module): FairseqDropout()
          (k_proj): Linear(in_features=1024, out_features=1024, bias=True)
          (v_proj): Linear(in_features=1024, out_features=1024, bias=True)
          (q_proj): Linear(in_features=1024, out_features=1024, bias=True)
          (out_proj): Linear(in_features=1024, out_features=1024, bias=True)
        )
        (encoder_attn_layer_norm): LayerNorm((1024,), eps=1e-05, elementwise_affine=True)
        (fc1): Linear(in_features=1024, out_features=4096, bias=True)
        (fc2): Linear(in_features=4096, out_features=1024, bias=True)
        (final_layer_norm): LayerNorm((1024,), eps=1e-05, elementwise_affine=True)
      )
      (6): TransformerDecoderLayer(
        (dropout_module): FairseqDropout()
        (self_attn): MultiheadAttention(
          (dropout_module): FairseqDropout()
          (k_proj): Linear(in_features=1024, out_features=1024, bias=True)
          (v_proj): Linear(in_features=1024, out_features=1024, bias=True)
          (q_proj): Linear(in_features=1024, out_features=1024, bias=True)
          (out_proj): Linear(in_features=1024, out_features=1024, bias=True)
        )
        (activation_dropout_module): FairseqDropout()
        (self_attn_layer_norm): LayerNorm((1024,), eps=1e-05, elementwise_affine=True)
        (encoder_attn): MultiheadAttention(
          (dropout_module): FairseqDropout()
          (k_proj): Linear(in_features=1024, out_features=1024, bias=True)
          (v_proj): Linear(in_features=1024, out_features=1024, bias=True)
          (q_proj): Linear(in_features=1024, out_features=1024, bias=True)
          (out_proj): Linear(in_features=1024, out_features=1024, bias=True)
        )
        (encoder_attn_layer_norm): LayerNorm((1024,), eps=1e-05, elementwise_affine=True)
        (fc1): Linear(in_features=1024, out_features=4096, bias=True)
        (fc2): Linear(in_features=4096, out_features=1024, bias=True)
        (final_layer_norm): LayerNorm((1024,), eps=1e-05, elementwise_affine=True)
      )
      (7): TransformerDecoderLayer(
        (dropout_module): FairseqDropout()
        (self_attn): MultiheadAttention(
          (dropout_module): FairseqDropout()
          (k_proj): Linear(in_features=1024, out_features=1024, bias=True)
          (v_proj): Linear(in_features=1024, out_features=1024, bias=True)
          (q_proj): Linear(in_features=1024, out_features=1024, bias=True)
          (out_proj): Linear(in_features=1024, out_features=1024, bias=True)
        )
        (activation_dropout_module): FairseqDropout()
        (self_attn_layer_norm): LayerNorm((1024,), eps=1e-05, elementwise_affine=True)
        (encoder_attn): MultiheadAttention(
          (dropout_module): FairseqDropout()
          (k_proj): Linear(in_features=1024, out_features=1024, bias=True)
          (v_proj): Linear(in_features=1024, out_features=1024, bias=True)
          (q_proj): Linear(in_features=1024, out_features=1024, bias=True)
          (out_proj): Linear(in_features=1024, out_features=1024, bias=True)
        )
        (encoder_attn_layer_norm): LayerNorm((1024,), eps=1e-05, elementwise_affine=True)
        (fc1): Linear(in_features=1024, out_features=4096, bias=True)
        (fc2): Linear(in_features=4096, out_features=1024, bias=True)
        (final_layer_norm): LayerNorm((1024,), eps=1e-05, elementwise_affine=True)
      )
      (8): TransformerDecoderLayer(
        (dropout_module): FairseqDropout()
        (self_attn): MultiheadAttention(
          (dropout_module): FairseqDropout()
          (k_proj): Linear(in_features=1024, out_features=1024, bias=True)
          (v_proj): Linear(in_features=1024, out_features=1024, bias=True)
          (q_proj): Linear(in_features=1024, out_features=1024, bias=True)
          (out_proj): Linear(in_features=1024, out_features=1024, bias=True)
        )
        (activation_dropout_module): FairseqDropout()
        (self_attn_layer_norm): LayerNorm((1024,), eps=1e-05, elementwise_affine=True)
        (encoder_attn): MultiheadAttention(
          (dropout_module): FairseqDropout()
          (k_proj): Linear(in_features=1024, out_features=1024, bias=True)
          (v_proj): Linear(in_features=1024, out_features=1024, bias=True)
          (q_proj): Linear(in_features=1024, out_features=1024, bias=True)
          (out_proj): Linear(in_features=1024, out_features=1024, bias=True)
        )
        (encoder_attn_layer_norm): LayerNorm((1024,), eps=1e-05, elementwise_affine=True)
        (fc1): Linear(in_features=1024, out_features=4096, bias=True)
        (fc2): Linear(in_features=4096, out_features=1024, bias=True)
        (final_layer_norm): LayerNorm((1024,), eps=1e-05, elementwise_affine=True)
      )
      (9): TransformerDecoderLayer(
        (dropout_module): FairseqDropout()
        (self_attn): MultiheadAttention(
          (dropout_module): FairseqDropout()
          (k_proj): Linear(in_features=1024, out_features=1024, bias=True)
          (v_proj): Linear(in_features=1024, out_features=1024, bias=True)
          (q_proj): Linear(in_features=1024, out_features=1024, bias=True)
          (out_proj): Linear(in_features=1024, out_features=1024, bias=True)
        )
        (activation_dropout_module): FairseqDropout()
        (self_attn_layer_norm): LayerNorm((1024,), eps=1e-05, elementwise_affine=True)
        (encoder_attn): MultiheadAttention(
          (dropout_module): FairseqDropout()
          (k_proj): Linear(in_features=1024, out_features=1024, bias=True)
          (v_proj): Linear(in_features=1024, out_features=1024, bias=True)
          (q_proj): Linear(in_features=1024, out_features=1024, bias=True)
          (out_proj): Linear(in_features=1024, out_features=1024, bias=True)
        )
        (encoder_attn_layer_norm): LayerNorm((1024,), eps=1e-05, elementwise_affine=True)
        (fc1): Linear(in_features=1024, out_features=4096, bias=True)
        (fc2): Linear(in_features=4096, out_features=1024, bias=True)
        (final_layer_norm): LayerNorm((1024,), eps=1e-05, elementwise_affine=True)
      )
      (10): TransformerDecoderLayer(
        (dropout_module): FairseqDropout()
        (self_attn): MultiheadAttention(
          (dropout_module): FairseqDropout()
          (k_proj): Linear(in_features=1024, out_features=1024, bias=True)
          (v_proj): Linear(in_features=1024, out_features=1024, bias=True)
          (q_proj): Linear(in_features=1024, out_features=1024, bias=True)
          (out_proj): Linear(in_features=1024, out_features=1024, bias=True)
        )
        (activation_dropout_module): FairseqDropout()
        (self_attn_layer_norm): LayerNorm((1024,), eps=1e-05, elementwise_affine=True)
        (encoder_attn): MultiheadAttention(
          (dropout_module): FairseqDropout()
          (k_proj): Linear(in_features=1024, out_features=1024, bias=True)
          (v_proj): Linear(in_features=1024, out_features=1024, bias=True)
          (q_proj): Linear(in_features=1024, out_features=1024, bias=True)
          (out_proj): Linear(in_features=1024, out_features=1024, bias=True)
        )
        (encoder_attn_layer_norm): LayerNorm((1024,), eps=1e-05, elementwise_affine=True)
        (fc1): Linear(in_features=1024, out_features=4096, bias=True)
        (fc2): Linear(in_features=4096, out_features=1024, bias=True)
        (final_layer_norm): LayerNorm((1024,), eps=1e-05, elementwise_affine=True)
      )
      (11): TransformerDecoderLayer(
        (dropout_module): FairseqDropout()
        (self_attn): MultiheadAttention(
          (dropout_module): FairseqDropout()
          (k_proj): Linear(in_features=1024, out_features=1024, bias=True)
          (v_proj): Linear(in_features=1024, out_features=1024, bias=True)
          (q_proj): Linear(in_features=1024, out_features=1024, bias=True)
          (out_proj): Linear(in_features=1024, out_features=1024, bias=True)
        )
        (activation_dropout_module): FairseqDropout()
        (self_attn_layer_norm): LayerNorm((1024,), eps=1e-05, elementwise_affine=True)
        (encoder_attn): MultiheadAttention(
          (dropout_module): FairseqDropout()
          (k_proj): Linear(in_features=1024, out_features=1024, bias=True)
          (v_proj): Linear(in_features=1024, out_features=1024, bias=True)
          (q_proj): Linear(in_features=1024, out_features=1024, bias=True)
          (out_proj): Linear(in_features=1024, out_features=1024, bias=True)
        )
        (encoder_attn_layer_norm): LayerNorm((1024,), eps=1e-05, elementwise_affine=True)
        (fc1): Linear(in_features=1024, out_features=4096, bias=True)
        (fc2): Linear(in_features=4096, out_features=1024, bias=True)
        (final_layer_norm): LayerNorm((1024,), eps=1e-05, elementwise_affine=True)
      )
    )
    (output_projection): Linear(in_features=1024, out_features=50264, bias=False)
  )
  (classification_heads): ModuleDict()
)
2023-05-28 14:45:28 | INFO | fairseq_cli.train | task: translation (TranslationTask)
2023-05-28 14:45:28 | INFO | fairseq_cli.train | model: bart_large (BARTModel)
2023-05-28 14:45:28 | INFO | fairseq_cli.train | criterion: label_smoothed_cross_entropy (LabelSmoothedCrossEntropyCriterion)
2023-05-28 14:45:28 | INFO | fairseq_cli.train | num. model params: 406290432 (num. trained: 406290432)
2023-05-28 14:45:34 | INFO | fairseq.trainer | detected shared parameter: encoder.embed_tokens.weight <- decoder.embed_tokens.weight
2023-05-28 14:45:34 | INFO | fairseq.trainer | detected shared parameter: encoder.embed_tokens.weight <- decoder.output_projection.weight
2023-05-28 14:45:34 | INFO | fairseq.utils | ***********************CUDA enviroments for all 1 workers***********************
2023-05-28 14:45:34 | INFO | fairseq.utils | rank   0: capabilities =  8.0  ; total memory = 79.347 GB ; name = A100-SXM-80GB                           
2023-05-28 14:45:34 | INFO | fairseq.utils | ***********************CUDA enviroments for all 1 workers***********************
2023-05-28 14:45:34 | INFO | fairseq_cli.train | training on 1 devices (GPUs/TPUs)
2023-05-28 14:45:34 | INFO | fairseq_cli.train | max tokens per GPU = 1536 and max sentences per GPU = None
2023-05-28 14:45:38 | INFO | fairseq.trainer | loaded checkpoint /users10/hanc/EG3P/models/bart.large/model.pt (epoch 41 @ 0 updates)
2023-05-28 14:45:38 | INFO | fairseq.trainer | loading train data for epoch 1
2023-05-28 14:45:38 | INFO | fairseq.data.data_utils | loaded 804646 examples from: /users10/hanc/EG3P/data/pretrain_mixed_1M/bin/train.src-tgt.src
2023-05-28 14:45:38 | INFO | fairseq.data.data_utils | loaded 804646 examples from: /users10/hanc/EG3P/data/pretrain_mixed_1M/bin/train.src-tgt.tgt
2023-05-28 14:45:38 | INFO | fairseq.tasks.translation | /users10/hanc/EG3P/data/pretrain_mixed_1M/bin train src-tgt 804646 examples
2023-05-28 14:45:39 | INFO | fairseq.trainer | begin training epoch 1
############################################
Time: 20230528-144656
Mission: pretrain
Train Checkpoint dir: pretrain_05-28
--------------------------------------------
Tips: 
############################################
Sun May 28 14:46:57 2023       
+---------------------------------------------------------------------------------------+
| NVIDIA-SMI 530.30.02              Driver Version: 530.30.02    CUDA Version: 12.1     |
|-----------------------------------------+----------------------+----------------------+
| GPU  Name                  Persistence-M| Bus-Id        Disp.A | Volatile Uncorr. ECC |
| Fan  Temp  Perf            Pwr:Usage/Cap|         Memory-Usage | GPU-Util  Compute M. |
|                                         |                      |               MIG M. |
|=========================================+======================+======================|
|   0  Tesla P100-PCIE-16GB            Off| 00000000:07:00.0 Off |                    0 |
| N/A   33C    P0               29W / 250W|      0MiB / 16384MiB |      1%      Default |
|                                         |                      |                  N/A |
+-----------------------------------------+----------------------+----------------------+
                                                                                         
+---------------------------------------------------------------------------------------+
| Processes:                                                                            |
|  GPU   GI   CI        PID   Type   Process name                            GPU Memory |
|        ID   ID                                                             Usage      |
|=======================================================================================|
|  No running processes found                                                           |
+---------------------------------------------------------------------------------------+
Namespace(batch_size=None, dataset_dir='/users10/hanc/EG3P/data/pretrain_mixed_1M', exp_dir='../checkpoints/pretrain_05-28', gradient_accumulation=4, learning_rate=3e-05, max_tokens=1536, model_arch='bart_large', model_path='/users10/hanc/EG3P/models/bart.large/model.pt', save_interval=10000, sub_task='pretrain_05-28', subcommand='train', total_num_update=50000, valid_interval=1000, wandb=0, warmup_update=7500)
2023-05-28 14:47:12 | INFO | __main__ | Begin to train model for dataset /users10/hanc/EG3P/data/pretrain_mixed_1M
2023-05-28 14:47:12 | INFO | __main__ | Running command  fairseq-train /users10/hanc/EG3P/data/pretrain_mixed_1M/bin --save-dir ../checkpoints/pretrain_05-28 --restore-file /users10/hanc/EG3P/models/bart.large/model.pt --arch bart_large --memory-efficient-fp16 --task translation --criterion label_smoothed_cross_entropy --source-lang src --target-lang tgt --truncate-source --label-smoothing 0.1 --max-source-positions 1024 --max-tokens 1536 --update-freq 4 --max-update 50000 --required-batch-size-multiple 1 --dropout 0.1 --attention-dropout 0.1 --relu-dropout 0.0 --weight-decay 0.01 --optimizer adam --adam-eps 1e-08 --clip-norm 0.1 --lr-scheduler polynomial_decay --lr 3e-05 --total-num-update 50000 --warmup-updates 7500 --ddp-backend no_c10d --num-workers 20 --reset-meters --reset-optimizer --reset-dataloader --share-all-embeddings --layernorm-embedding --share-decoder-input-output-embed --skip-invalid-size-inputs-valid-test --log-format json --log-interval 10 --save-interval-updates 10000 --validate-interval 1000 --save-interval 10000 --patience 200 --report-accuracy 
2023-05-28 14:47:12 | INFO | fairseq_cli.train | Namespace(activation_dropout=0.0, activation_fn='gelu', adam_betas='(0.9, 0.999)', adam_eps=1e-08, adaptive_softmax_cutoff=None, adaptive_softmax_dropout=0, all_gather_list_size=16384, arch='bart_large', attention_dropout=0.1, batch_size=None, batch_size_valid=None, best_checkpoint_metric='loss', bf16=False, bpe=None, broadcast_buffers=False, bucket_cap_mb=25, checkpoint_shard_count=1, checkpoint_suffix='', clip_norm=0.1, cpu=False, criterion='label_smoothed_cross_entropy', cross_self_attention=False, curriculum=0, data='/users10/hanc/EG3P/data/pretrain_mixed_1M/bin', data_buffer_size=10, dataset_impl=None, ddp_backend='no_c10d', decoder_attention_heads=16, decoder_embed_dim=1024, decoder_embed_path=None, decoder_ffn_embed_dim=4096, decoder_input_dim=1024, decoder_layerdrop=0, decoder_layers=12, decoder_layers_to_keep=None, decoder_learned_pos=True, decoder_normalize_before=False, decoder_output_dim=1024, device_id=0, disable_validation=False, distributed_backend='nccl', distributed_init_method=None, distributed_no_spawn=False, distributed_num_procs=1, distributed_port=-1, distributed_rank=0, distributed_world_size=1, distributed_wrapper='DDP', dropout=0.1, empty_cache_freq=0, encoder_attention_heads=16, encoder_embed_dim=1024, encoder_embed_path=None, encoder_ffn_embed_dim=4096, encoder_layerdrop=0, encoder_layers=12, encoder_layers_to_keep=None, encoder_learned_pos=True, encoder_normalize_before=False, end_learning_rate=0.0, eval_bleu=False, eval_bleu_args=None, eval_bleu_detok='space', eval_bleu_detok_args=None, eval_bleu_print_samples=False, eval_bleu_remove_bpe=None, eval_tokenized_bleu=False, fast_stat_sync=False, find_unused_parameters=False, finetune_from_model=None, fix_batches_to_gpus=False, fixed_validation_seed=None, force_anneal=None, fp16=True, fp16_init_scale=128, fp16_no_flatten_grads=False, fp16_scale_tolerance=0.0, fp16_scale_window=None, gen_subset='test', ignore_prefix_size=0, keep_best_checkpoints=-1, keep_interval_updates=-1, keep_last_epochs=-1, label_smoothing=0.1, layernorm_embedding=True, left_pad_source='True', left_pad_target='False', load_alignments=False, localsgd_frequency=3, log_format='json', log_interval=10, lr=[3e-05], lr_scheduler='polynomial_decay', max_epoch=0, max_source_positions=1024, max_target_positions=1024, max_tokens=1536, max_tokens_valid=1536, max_update=50000, maximize_best_checkpoint_metric=False, memory_efficient_bf16=False, memory_efficient_fp16=True, min_loss_scale=0.0001, min_lr=-1.0, model_parallel_size=1, no_cross_attention=False, no_epoch_checkpoints=False, no_last_checkpoints=False, no_progress_bar=False, no_save=False, no_save_optimizer_state=False, no_scale_embedding=True, no_seed_provided=False, no_token_positional_embeddings=False, nprocs_per_node=1, num_batch_buckets=0, num_shards=1, num_workers=20, optimizer='adam', optimizer_overrides='{}', patience=200, pipeline_balance=None, pipeline_checkpoint='never', pipeline_chunks=0, pipeline_decoder_balance=None, pipeline_decoder_devices=None, pipeline_devices=None, pipeline_encoder_balance=None, pipeline_encoder_devices=None, pipeline_model_parallel=False, pooler_activation_fn='tanh', pooler_dropout=0.0, power=1.0, profile=False, quant_noise_pq=0, quant_noise_pq_block_size=8, quant_noise_scalar=0, quantization_config_path=None, relu_dropout=0.0, report_accuracy=True, required_batch_size_multiple=1, required_seq_len_multiple=1, reset_dataloader=True, reset_lr_scheduler=False, reset_meters=True, reset_optimizer=True, restore_file='/users10/hanc/EG3P/models/bart.large/model.pt', save_dir='../checkpoints/pretrain_05-28', save_interval=10000, save_interval_updates=10000, scoring='bleu', seed=1, sentence_avg=False, shard_id=0, share_all_embeddings=True, share_decoder_input_output_embed=True, skip_invalid_size_inputs_valid_test=True, slowmo_algorithm='LocalSGD', slowmo_momentum=None, source_lang='src', stop_time_hours=0, target_lang='tgt', task='translation', tensorboard_logdir=None, threshold_loss_scale=None, tokenizer=None, total_num_update=50000, tpu=False, train_subset='train', truncate_source=True, update_freq=[4], upsample_primary=1, use_bmuf=False, use_old_adam=False, user_dir=None, valid_subset='valid', validate_after_updates=0, validate_interval=1000, validate_interval_updates=0, warmup_updates=7500, weight_decay=0.01, zero_sharding='none')
2023-05-28 14:47:13 | INFO | fairseq.tasks.translation | [src] dictionary: 50264 types
2023-05-28 14:47:13 | INFO | fairseq.tasks.translation | [tgt] dictionary: 50264 types
2023-05-28 14:47:13 | INFO | fairseq.data.data_utils | loaded 100581 examples from: /users10/hanc/EG3P/data/pretrain_mixed_1M/bin/valid.src-tgt.src
2023-05-28 14:47:13 | INFO | fairseq.data.data_utils | loaded 100581 examples from: /users10/hanc/EG3P/data/pretrain_mixed_1M/bin/valid.src-tgt.tgt
2023-05-28 14:47:13 | INFO | fairseq.tasks.translation | /users10/hanc/EG3P/data/pretrain_mixed_1M/bin valid src-tgt 100581 examples
2023-05-28 14:47:24 | INFO | fairseq_cli.train | BARTModel(
  (encoder): TransformerEncoder(
    (dropout_module): FairseqDropout()
    (embed_tokens): Embedding(50264, 1024, padding_idx=1)
    (embed_positions): LearnedPositionalEmbedding(1026, 1024, padding_idx=1)
    (layernorm_embedding): LayerNorm((1024,), eps=1e-05, elementwise_affine=True)
    (layers): ModuleList(
      (0): TransformerEncoderLayer(
        (self_attn): MultiheadAttention(
          (dropout_module): FairseqDropout()
          (k_proj): Linear(in_features=1024, out_features=1024, bias=True)
          (v_proj): Linear(in_features=1024, out_features=1024, bias=True)
          (q_proj): Linear(in_features=1024, out_features=1024, bias=True)
          (out_proj): Linear(in_features=1024, out_features=1024, bias=True)
        )
        (self_attn_layer_norm): LayerNorm((1024,), eps=1e-05, elementwise_affine=True)
        (dropout_module): FairseqDropout()
        (activation_dropout_module): FairseqDropout()
        (fc1): Linear(in_features=1024, out_features=4096, bias=True)
        (fc2): Linear(in_features=4096, out_features=1024, bias=True)
        (final_layer_norm): LayerNorm((1024,), eps=1e-05, elementwise_affine=True)
      )
      (1): TransformerEncoderLayer(
        (self_attn): MultiheadAttention(
          (dropout_module): FairseqDropout()
          (k_proj): Linear(in_features=1024, out_features=1024, bias=True)
          (v_proj): Linear(in_features=1024, out_features=1024, bias=True)
          (q_proj): Linear(in_features=1024, out_features=1024, bias=True)
          (out_proj): Linear(in_features=1024, out_features=1024, bias=True)
        )
        (self_attn_layer_norm): LayerNorm((1024,), eps=1e-05, elementwise_affine=True)
        (dropout_module): FairseqDropout()
        (activation_dropout_module): FairseqDropout()
        (fc1): Linear(in_features=1024, out_features=4096, bias=True)
        (fc2): Linear(in_features=4096, out_features=1024, bias=True)
        (final_layer_norm): LayerNorm((1024,), eps=1e-05, elementwise_affine=True)
      )
      (2): TransformerEncoderLayer(
        (self_attn): MultiheadAttention(
          (dropout_module): FairseqDropout()
          (k_proj): Linear(in_features=1024, out_features=1024, bias=True)
          (v_proj): Linear(in_features=1024, out_features=1024, bias=True)
          (q_proj): Linear(in_features=1024, out_features=1024, bias=True)
          (out_proj): Linear(in_features=1024, out_features=1024, bias=True)
        )
        (self_attn_layer_norm): LayerNorm((1024,), eps=1e-05, elementwise_affine=True)
        (dropout_module): FairseqDropout()
        (activation_dropout_module): FairseqDropout()
        (fc1): Linear(in_features=1024, out_features=4096, bias=True)
        (fc2): Linear(in_features=4096, out_features=1024, bias=True)
        (final_layer_norm): LayerNorm((1024,), eps=1e-05, elementwise_affine=True)
      )
      (3): TransformerEncoderLayer(
        (self_attn): MultiheadAttention(
          (dropout_module): FairseqDropout()
          (k_proj): Linear(in_features=1024, out_features=1024, bias=True)
          (v_proj): Linear(in_features=1024, out_features=1024, bias=True)
          (q_proj): Linear(in_features=1024, out_features=1024, bias=True)
          (out_proj): Linear(in_features=1024, out_features=1024, bias=True)
        )
        (self_attn_layer_norm): LayerNorm((1024,), eps=1e-05, elementwise_affine=True)
        (dropout_module): FairseqDropout()
        (activation_dropout_module): FairseqDropout()
        (fc1): Linear(in_features=1024, out_features=4096, bias=True)
        (fc2): Linear(in_features=4096, out_features=1024, bias=True)
        (final_layer_norm): LayerNorm((1024,), eps=1e-05, elementwise_affine=True)
      )
      (4): TransformerEncoderLayer(
        (self_attn): MultiheadAttention(
          (dropout_module): FairseqDropout()
          (k_proj): Linear(in_features=1024, out_features=1024, bias=True)
          (v_proj): Linear(in_features=1024, out_features=1024, bias=True)
          (q_proj): Linear(in_features=1024, out_features=1024, bias=True)
          (out_proj): Linear(in_features=1024, out_features=1024, bias=True)
        )
        (self_attn_layer_norm): LayerNorm((1024,), eps=1e-05, elementwise_affine=True)
        (dropout_module): FairseqDropout()
        (activation_dropout_module): FairseqDropout()
        (fc1): Linear(in_features=1024, out_features=4096, bias=True)
        (fc2): Linear(in_features=4096, out_features=1024, bias=True)
        (final_layer_norm): LayerNorm((1024,), eps=1e-05, elementwise_affine=True)
      )
      (5): TransformerEncoderLayer(
        (self_attn): MultiheadAttention(
          (dropout_module): FairseqDropout()
          (k_proj): Linear(in_features=1024, out_features=1024, bias=True)
          (v_proj): Linear(in_features=1024, out_features=1024, bias=True)
          (q_proj): Linear(in_features=1024, out_features=1024, bias=True)
          (out_proj): Linear(in_features=1024, out_features=1024, bias=True)
        )
        (self_attn_layer_norm): LayerNorm((1024,), eps=1e-05, elementwise_affine=True)
        (dropout_module): FairseqDropout()
        (activation_dropout_module): FairseqDropout()
        (fc1): Linear(in_features=1024, out_features=4096, bias=True)
        (fc2): Linear(in_features=4096, out_features=1024, bias=True)
        (final_layer_norm): LayerNorm((1024,), eps=1e-05, elementwise_affine=True)
      )
      (6): TransformerEncoderLayer(
        (self_attn): MultiheadAttention(
          (dropout_module): FairseqDropout()
          (k_proj): Linear(in_features=1024, out_features=1024, bias=True)
          (v_proj): Linear(in_features=1024, out_features=1024, bias=True)
          (q_proj): Linear(in_features=1024, out_features=1024, bias=True)
          (out_proj): Linear(in_features=1024, out_features=1024, bias=True)
        )
        (self_attn_layer_norm): LayerNorm((1024,), eps=1e-05, elementwise_affine=True)
        (dropout_module): FairseqDropout()
        (activation_dropout_module): FairseqDropout()
        (fc1): Linear(in_features=1024, out_features=4096, bias=True)
        (fc2): Linear(in_features=4096, out_features=1024, bias=True)
        (final_layer_norm): LayerNorm((1024,), eps=1e-05, elementwise_affine=True)
      )
      (7): TransformerEncoderLayer(
        (self_attn): MultiheadAttention(
          (dropout_module): FairseqDropout()
          (k_proj): Linear(in_features=1024, out_features=1024, bias=True)
          (v_proj): Linear(in_features=1024, out_features=1024, bias=True)
          (q_proj): Linear(in_features=1024, out_features=1024, bias=True)
          (out_proj): Linear(in_features=1024, out_features=1024, bias=True)
        )
        (self_attn_layer_norm): LayerNorm((1024,), eps=1e-05, elementwise_affine=True)
        (dropout_module): FairseqDropout()
        (activation_dropout_module): FairseqDropout()
        (fc1): Linear(in_features=1024, out_features=4096, bias=True)
        (fc2): Linear(in_features=4096, out_features=1024, bias=True)
        (final_layer_norm): LayerNorm((1024,), eps=1e-05, elementwise_affine=True)
      )
      (8): TransformerEncoderLayer(
        (self_attn): MultiheadAttention(
          (dropout_module): FairseqDropout()
          (k_proj): Linear(in_features=1024, out_features=1024, bias=True)
          (v_proj): Linear(in_features=1024, out_features=1024, bias=True)
          (q_proj): Linear(in_features=1024, out_features=1024, bias=True)
          (out_proj): Linear(in_features=1024, out_features=1024, bias=True)
        )
        (self_attn_layer_norm): LayerNorm((1024,), eps=1e-05, elementwise_affine=True)
        (dropout_module): FairseqDropout()
        (activation_dropout_module): FairseqDropout()
        (fc1): Linear(in_features=1024, out_features=4096, bias=True)
        (fc2): Linear(in_features=4096, out_features=1024, bias=True)
        (final_layer_norm): LayerNorm((1024,), eps=1e-05, elementwise_affine=True)
      )
      (9): TransformerEncoderLayer(
        (self_attn): MultiheadAttention(
          (dropout_module): FairseqDropout()
          (k_proj): Linear(in_features=1024, out_features=1024, bias=True)
          (v_proj): Linear(in_features=1024, out_features=1024, bias=True)
          (q_proj): Linear(in_features=1024, out_features=1024, bias=True)
          (out_proj): Linear(in_features=1024, out_features=1024, bias=True)
        )
        (self_attn_layer_norm): LayerNorm((1024,), eps=1e-05, elementwise_affine=True)
        (dropout_module): FairseqDropout()
        (activation_dropout_module): FairseqDropout()
        (fc1): Linear(in_features=1024, out_features=4096, bias=True)
        (fc2): Linear(in_features=4096, out_features=1024, bias=True)
        (final_layer_norm): LayerNorm((1024,), eps=1e-05, elementwise_affine=True)
      )
      (10): TransformerEncoderLayer(
        (self_attn): MultiheadAttention(
          (dropout_module): FairseqDropout()
          (k_proj): Linear(in_features=1024, out_features=1024, bias=True)
          (v_proj): Linear(in_features=1024, out_features=1024, bias=True)
          (q_proj): Linear(in_features=1024, out_features=1024, bias=True)
          (out_proj): Linear(in_features=1024, out_features=1024, bias=True)
        )
        (self_attn_layer_norm): LayerNorm((1024,), eps=1e-05, elementwise_affine=True)
        (dropout_module): FairseqDropout()
        (activation_dropout_module): FairseqDropout()
        (fc1): Linear(in_features=1024, out_features=4096, bias=True)
        (fc2): Linear(in_features=4096, out_features=1024, bias=True)
        (final_layer_norm): LayerNorm((1024,), eps=1e-05, elementwise_affine=True)
      )
      (11): TransformerEncoderLayer(
        (self_attn): MultiheadAttention(
          (dropout_module): FairseqDropout()
          (k_proj): Linear(in_features=1024, out_features=1024, bias=True)
          (v_proj): Linear(in_features=1024, out_features=1024, bias=True)
          (q_proj): Linear(in_features=1024, out_features=1024, bias=True)
          (out_proj): Linear(in_features=1024, out_features=1024, bias=True)
        )
        (self_attn_layer_norm): LayerNorm((1024,), eps=1e-05, elementwise_affine=True)
        (dropout_module): FairseqDropout()
        (activation_dropout_module): FairseqDropout()
        (fc1): Linear(in_features=1024, out_features=4096, bias=True)
        (fc2): Linear(in_features=4096, out_features=1024, bias=True)
        (final_layer_norm): LayerNorm((1024,), eps=1e-05, elementwise_affine=True)
      )
    )
  )
  (decoder): TransformerDecoder(
    (dropout_module): FairseqDropout()
    (embed_tokens): Embedding(50264, 1024, padding_idx=1)
    (embed_positions): LearnedPositionalEmbedding(1026, 1024, padding_idx=1)
    (layernorm_embedding): LayerNorm((1024,), eps=1e-05, elementwise_affine=True)
    (layers): ModuleList(
      (0): TransformerDecoderLayer(
        (dropout_module): FairseqDropout()
        (self_attn): MultiheadAttention(
          (dropout_module): FairseqDropout()
          (k_proj): Linear(in_features=1024, out_features=1024, bias=True)
          (v_proj): Linear(in_features=1024, out_features=1024, bias=True)
          (q_proj): Linear(in_features=1024, out_features=1024, bias=True)
          (out_proj): Linear(in_features=1024, out_features=1024, bias=True)
        )
        (activation_dropout_module): FairseqDropout()
        (self_attn_layer_norm): LayerNorm((1024,), eps=1e-05, elementwise_affine=True)
        (encoder_attn): MultiheadAttention(
          (dropout_module): FairseqDropout()
          (k_proj): Linear(in_features=1024, out_features=1024, bias=True)
          (v_proj): Linear(in_features=1024, out_features=1024, bias=True)
          (q_proj): Linear(in_features=1024, out_features=1024, bias=True)
          (out_proj): Linear(in_features=1024, out_features=1024, bias=True)
        )
        (encoder_attn_layer_norm): LayerNorm((1024,), eps=1e-05, elementwise_affine=True)
        (fc1): Linear(in_features=1024, out_features=4096, bias=True)
        (fc2): Linear(in_features=4096, out_features=1024, bias=True)
        (final_layer_norm): LayerNorm((1024,), eps=1e-05, elementwise_affine=True)
      )
      (1): TransformerDecoderLayer(
        (dropout_module): FairseqDropout()
        (self_attn): MultiheadAttention(
          (dropout_module): FairseqDropout()
          (k_proj): Linear(in_features=1024, out_features=1024, bias=True)
          (v_proj): Linear(in_features=1024, out_features=1024, bias=True)
          (q_proj): Linear(in_features=1024, out_features=1024, bias=True)
          (out_proj): Linear(in_features=1024, out_features=1024, bias=True)
        )
        (activation_dropout_module): FairseqDropout()
        (self_attn_layer_norm): LayerNorm((1024,), eps=1e-05, elementwise_affine=True)
        (encoder_attn): MultiheadAttention(
          (dropout_module): FairseqDropout()
          (k_proj): Linear(in_features=1024, out_features=1024, bias=True)
          (v_proj): Linear(in_features=1024, out_features=1024, bias=True)
          (q_proj): Linear(in_features=1024, out_features=1024, bias=True)
          (out_proj): Linear(in_features=1024, out_features=1024, bias=True)
        )
        (encoder_attn_layer_norm): LayerNorm((1024,), eps=1e-05, elementwise_affine=True)
        (fc1): Linear(in_features=1024, out_features=4096, bias=True)
        (fc2): Linear(in_features=4096, out_features=1024, bias=True)
        (final_layer_norm): LayerNorm((1024,), eps=1e-05, elementwise_affine=True)
      )
      (2): TransformerDecoderLayer(
        (dropout_module): FairseqDropout()
        (self_attn): MultiheadAttention(
          (dropout_module): FairseqDropout()
          (k_proj): Linear(in_features=1024, out_features=1024, bias=True)
          (v_proj): Linear(in_features=1024, out_features=1024, bias=True)
          (q_proj): Linear(in_features=1024, out_features=1024, bias=True)
          (out_proj): Linear(in_features=1024, out_features=1024, bias=True)
        )
        (activation_dropout_module): FairseqDropout()
        (self_attn_layer_norm): LayerNorm((1024,), eps=1e-05, elementwise_affine=True)
        (encoder_attn): MultiheadAttention(
          (dropout_module): FairseqDropout()
          (k_proj): Linear(in_features=1024, out_features=1024, bias=True)
          (v_proj): Linear(in_features=1024, out_features=1024, bias=True)
          (q_proj): Linear(in_features=1024, out_features=1024, bias=True)
          (out_proj): Linear(in_features=1024, out_features=1024, bias=True)
        )
        (encoder_attn_layer_norm): LayerNorm((1024,), eps=1e-05, elementwise_affine=True)
        (fc1): Linear(in_features=1024, out_features=4096, bias=True)
        (fc2): Linear(in_features=4096, out_features=1024, bias=True)
        (final_layer_norm): LayerNorm((1024,), eps=1e-05, elementwise_affine=True)
      )
      (3): TransformerDecoderLayer(
        (dropout_module): FairseqDropout()
        (self_attn): MultiheadAttention(
          (dropout_module): FairseqDropout()
          (k_proj): Linear(in_features=1024, out_features=1024, bias=True)
          (v_proj): Linear(in_features=1024, out_features=1024, bias=True)
          (q_proj): Linear(in_features=1024, out_features=1024, bias=True)
          (out_proj): Linear(in_features=1024, out_features=1024, bias=True)
        )
        (activation_dropout_module): FairseqDropout()
        (self_attn_layer_norm): LayerNorm((1024,), eps=1e-05, elementwise_affine=True)
        (encoder_attn): MultiheadAttention(
          (dropout_module): FairseqDropout()
          (k_proj): Linear(in_features=1024, out_features=1024, bias=True)
          (v_proj): Linear(in_features=1024, out_features=1024, bias=True)
          (q_proj): Linear(in_features=1024, out_features=1024, bias=True)
          (out_proj): Linear(in_features=1024, out_features=1024, bias=True)
        )
        (encoder_attn_layer_norm): LayerNorm((1024,), eps=1e-05, elementwise_affine=True)
        (fc1): Linear(in_features=1024, out_features=4096, bias=True)
        (fc2): Linear(in_features=4096, out_features=1024, bias=True)
        (final_layer_norm): LayerNorm((1024,), eps=1e-05, elementwise_affine=True)
      )
      (4): TransformerDecoderLayer(
        (dropout_module): FairseqDropout()
        (self_attn): MultiheadAttention(
          (dropout_module): FairseqDropout()
          (k_proj): Linear(in_features=1024, out_features=1024, bias=True)
          (v_proj): Linear(in_features=1024, out_features=1024, bias=True)
          (q_proj): Linear(in_features=1024, out_features=1024, bias=True)
          (out_proj): Linear(in_features=1024, out_features=1024, bias=True)
        )
        (activation_dropout_module): FairseqDropout()
        (self_attn_layer_norm): LayerNorm((1024,), eps=1e-05, elementwise_affine=True)
        (encoder_attn): MultiheadAttention(
          (dropout_module): FairseqDropout()
          (k_proj): Linear(in_features=1024, out_features=1024, bias=True)
          (v_proj): Linear(in_features=1024, out_features=1024, bias=True)
          (q_proj): Linear(in_features=1024, out_features=1024, bias=True)
          (out_proj): Linear(in_features=1024, out_features=1024, bias=True)
        )
        (encoder_attn_layer_norm): LayerNorm((1024,), eps=1e-05, elementwise_affine=True)
        (fc1): Linear(in_features=1024, out_features=4096, bias=True)
        (fc2): Linear(in_features=4096, out_features=1024, bias=True)
        (final_layer_norm): LayerNorm((1024,), eps=1e-05, elementwise_affine=True)
      )
      (5): TransformerDecoderLayer(
        (dropout_module): FairseqDropout()
        (self_attn): MultiheadAttention(
          (dropout_module): FairseqDropout()
          (k_proj): Linear(in_features=1024, out_features=1024, bias=True)
          (v_proj): Linear(in_features=1024, out_features=1024, bias=True)
          (q_proj): Linear(in_features=1024, out_features=1024, bias=True)
          (out_proj): Linear(in_features=1024, out_features=1024, bias=True)
        )
        (activation_dropout_module): FairseqDropout()
        (self_attn_layer_norm): LayerNorm((1024,), eps=1e-05, elementwise_affine=True)
        (encoder_attn): MultiheadAttention(
          (dropout_module): FairseqDropout()
          (k_proj): Linear(in_features=1024, out_features=1024, bias=True)
          (v_proj): Linear(in_features=1024, out_features=1024, bias=True)
          (q_proj): Linear(in_features=1024, out_features=1024, bias=True)
          (out_proj): Linear(in_features=1024, out_features=1024, bias=True)
        )
        (encoder_attn_layer_norm): LayerNorm((1024,), eps=1e-05, elementwise_affine=True)
        (fc1): Linear(in_features=1024, out_features=4096, bias=True)
        (fc2): Linear(in_features=4096, out_features=1024, bias=True)
        (final_layer_norm): LayerNorm((1024,), eps=1e-05, elementwise_affine=True)
      )
      (6): TransformerDecoderLayer(
        (dropout_module): FairseqDropout()
        (self_attn): MultiheadAttention(
          (dropout_module): FairseqDropout()
          (k_proj): Linear(in_features=1024, out_features=1024, bias=True)
          (v_proj): Linear(in_features=1024, out_features=1024, bias=True)
          (q_proj): Linear(in_features=1024, out_features=1024, bias=True)
          (out_proj): Linear(in_features=1024, out_features=1024, bias=True)
        )
        (activation_dropout_module): FairseqDropout()
        (self_attn_layer_norm): LayerNorm((1024,), eps=1e-05, elementwise_affine=True)
        (encoder_attn): MultiheadAttention(
          (dropout_module): FairseqDropout()
          (k_proj): Linear(in_features=1024, out_features=1024, bias=True)
          (v_proj): Linear(in_features=1024, out_features=1024, bias=True)
          (q_proj): Linear(in_features=1024, out_features=1024, bias=True)
          (out_proj): Linear(in_features=1024, out_features=1024, bias=True)
        )
        (encoder_attn_layer_norm): LayerNorm((1024,), eps=1e-05, elementwise_affine=True)
        (fc1): Linear(in_features=1024, out_features=4096, bias=True)
        (fc2): Linear(in_features=4096, out_features=1024, bias=True)
        (final_layer_norm): LayerNorm((1024,), eps=1e-05, elementwise_affine=True)
      )
      (7): TransformerDecoderLayer(
        (dropout_module): FairseqDropout()
        (self_attn): MultiheadAttention(
          (dropout_module): FairseqDropout()
          (k_proj): Linear(in_features=1024, out_features=1024, bias=True)
          (v_proj): Linear(in_features=1024, out_features=1024, bias=True)
          (q_proj): Linear(in_features=1024, out_features=1024, bias=True)
          (out_proj): Linear(in_features=1024, out_features=1024, bias=True)
        )
        (activation_dropout_module): FairseqDropout()
        (self_attn_layer_norm): LayerNorm((1024,), eps=1e-05, elementwise_affine=True)
        (encoder_attn): MultiheadAttention(
          (dropout_module): FairseqDropout()
          (k_proj): Linear(in_features=1024, out_features=1024, bias=True)
          (v_proj): Linear(in_features=1024, out_features=1024, bias=True)
          (q_proj): Linear(in_features=1024, out_features=1024, bias=True)
          (out_proj): Linear(in_features=1024, out_features=1024, bias=True)
        )
        (encoder_attn_layer_norm): LayerNorm((1024,), eps=1e-05, elementwise_affine=True)
        (fc1): Linear(in_features=1024, out_features=4096, bias=True)
        (fc2): Linear(in_features=4096, out_features=1024, bias=True)
        (final_layer_norm): LayerNorm((1024,), eps=1e-05, elementwise_affine=True)
      )
      (8): TransformerDecoderLayer(
        (dropout_module): FairseqDropout()
        (self_attn): MultiheadAttention(
          (dropout_module): FairseqDropout()
          (k_proj): Linear(in_features=1024, out_features=1024, bias=True)
          (v_proj): Linear(in_features=1024, out_features=1024, bias=True)
          (q_proj): Linear(in_features=1024, out_features=1024, bias=True)
          (out_proj): Linear(in_features=1024, out_features=1024, bias=True)
        )
        (activation_dropout_module): FairseqDropout()
        (self_attn_layer_norm): LayerNorm((1024,), eps=1e-05, elementwise_affine=True)
        (encoder_attn): MultiheadAttention(
          (dropout_module): FairseqDropout()
          (k_proj): Linear(in_features=1024, out_features=1024, bias=True)
          (v_proj): Linear(in_features=1024, out_features=1024, bias=True)
          (q_proj): Linear(in_features=1024, out_features=1024, bias=True)
          (out_proj): Linear(in_features=1024, out_features=1024, bias=True)
        )
        (encoder_attn_layer_norm): LayerNorm((1024,), eps=1e-05, elementwise_affine=True)
        (fc1): Linear(in_features=1024, out_features=4096, bias=True)
        (fc2): Linear(in_features=4096, out_features=1024, bias=True)
        (final_layer_norm): LayerNorm((1024,), eps=1e-05, elementwise_affine=True)
      )
      (9): TransformerDecoderLayer(
        (dropout_module): FairseqDropout()
        (self_attn): MultiheadAttention(
          (dropout_module): FairseqDropout()
          (k_proj): Linear(in_features=1024, out_features=1024, bias=True)
          (v_proj): Linear(in_features=1024, out_features=1024, bias=True)
          (q_proj): Linear(in_features=1024, out_features=1024, bias=True)
          (out_proj): Linear(in_features=1024, out_features=1024, bias=True)
        )
        (activation_dropout_module): FairseqDropout()
        (self_attn_layer_norm): LayerNorm((1024,), eps=1e-05, elementwise_affine=True)
        (encoder_attn): MultiheadAttention(
          (dropout_module): FairseqDropout()
          (k_proj): Linear(in_features=1024, out_features=1024, bias=True)
          (v_proj): Linear(in_features=1024, out_features=1024, bias=True)
          (q_proj): Linear(in_features=1024, out_features=1024, bias=True)
          (out_proj): Linear(in_features=1024, out_features=1024, bias=True)
        )
        (encoder_attn_layer_norm): LayerNorm((1024,), eps=1e-05, elementwise_affine=True)
        (fc1): Linear(in_features=1024, out_features=4096, bias=True)
        (fc2): Linear(in_features=4096, out_features=1024, bias=True)
        (final_layer_norm): LayerNorm((1024,), eps=1e-05, elementwise_affine=True)
      )
      (10): TransformerDecoderLayer(
        (dropout_module): FairseqDropout()
        (self_attn): MultiheadAttention(
          (dropout_module): FairseqDropout()
          (k_proj): Linear(in_features=1024, out_features=1024, bias=True)
          (v_proj): Linear(in_features=1024, out_features=1024, bias=True)
          (q_proj): Linear(in_features=1024, out_features=1024, bias=True)
          (out_proj): Linear(in_features=1024, out_features=1024, bias=True)
        )
        (activation_dropout_module): FairseqDropout()
        (self_attn_layer_norm): LayerNorm((1024,), eps=1e-05, elementwise_affine=True)
        (encoder_attn): MultiheadAttention(
          (dropout_module): FairseqDropout()
          (k_proj): Linear(in_features=1024, out_features=1024, bias=True)
          (v_proj): Linear(in_features=1024, out_features=1024, bias=True)
          (q_proj): Linear(in_features=1024, out_features=1024, bias=True)
          (out_proj): Linear(in_features=1024, out_features=1024, bias=True)
        )
        (encoder_attn_layer_norm): LayerNorm((1024,), eps=1e-05, elementwise_affine=True)
        (fc1): Linear(in_features=1024, out_features=4096, bias=True)
        (fc2): Linear(in_features=4096, out_features=1024, bias=True)
        (final_layer_norm): LayerNorm((1024,), eps=1e-05, elementwise_affine=True)
      )
      (11): TransformerDecoderLayer(
        (dropout_module): FairseqDropout()
        (self_attn): MultiheadAttention(
          (dropout_module): FairseqDropout()
          (k_proj): Linear(in_features=1024, out_features=1024, bias=True)
          (v_proj): Linear(in_features=1024, out_features=1024, bias=True)
          (q_proj): Linear(in_features=1024, out_features=1024, bias=True)
          (out_proj): Linear(in_features=1024, out_features=1024, bias=True)
        )
        (activation_dropout_module): FairseqDropout()
        (self_attn_layer_norm): LayerNorm((1024,), eps=1e-05, elementwise_affine=True)
        (encoder_attn): MultiheadAttention(
          (dropout_module): FairseqDropout()
          (k_proj): Linear(in_features=1024, out_features=1024, bias=True)
          (v_proj): Linear(in_features=1024, out_features=1024, bias=True)
          (q_proj): Linear(in_features=1024, out_features=1024, bias=True)
          (out_proj): Linear(in_features=1024, out_features=1024, bias=True)
        )
        (encoder_attn_layer_norm): LayerNorm((1024,), eps=1e-05, elementwise_affine=True)
        (fc1): Linear(in_features=1024, out_features=4096, bias=True)
        (fc2): Linear(in_features=4096, out_features=1024, bias=True)
        (final_layer_norm): LayerNorm((1024,), eps=1e-05, elementwise_affine=True)
      )
    )
    (output_projection): Linear(in_features=1024, out_features=50264, bias=False)
  )
  (classification_heads): ModuleDict()
)
2023-05-28 14:47:24 | INFO | fairseq_cli.train | task: translation (TranslationTask)
2023-05-28 14:47:24 | INFO | fairseq_cli.train | model: bart_large (BARTModel)
2023-05-28 14:47:24 | INFO | fairseq_cli.train | criterion: label_smoothed_cross_entropy (LabelSmoothedCrossEntropyCriterion)
2023-05-28 14:47:24 | INFO | fairseq_cli.train | num. model params: 406290432 (num. trained: 406290432)
2023-05-28 14:47:30 | INFO | fairseq.trainer | detected shared parameter: encoder.embed_tokens.weight <- decoder.embed_tokens.weight
2023-05-28 14:47:30 | INFO | fairseq.trainer | detected shared parameter: encoder.embed_tokens.weight <- decoder.output_projection.weight
2023-05-28 14:47:30 | INFO | fairseq.utils | ***********************CUDA enviroments for all 1 workers***********************
2023-05-28 14:47:30 | INFO | fairseq.utils | rank   0: capabilities =  6.0  ; total memory = 15.895 GB ; name = Tesla P100-PCIE-16GB                    
2023-05-28 14:47:30 | INFO | fairseq.utils | ***********************CUDA enviroments for all 1 workers***********************
2023-05-28 14:47:30 | INFO | fairseq_cli.train | training on 1 devices (GPUs/TPUs)
2023-05-28 14:47:30 | INFO | fairseq_cli.train | max tokens per GPU = 1536 and max sentences per GPU = None
2023-05-28 14:48:14 | INFO | fairseq.trainer | loaded checkpoint /users10/hanc/EG3P/models/bart.large/model.pt (epoch 41 @ 0 updates)
2023-05-28 14:48:14 | INFO | fairseq.trainer | NOTE: your device does NOT support faster training with --fp16, please switch to FP32 which is likely to be faster
2023-05-28 14:48:14 | INFO | fairseq.trainer | loading train data for epoch 1
2023-05-28 14:48:15 | INFO | fairseq.data.data_utils | loaded 804646 examples from: /users10/hanc/EG3P/data/pretrain_mixed_1M/bin/train.src-tgt.src
2023-05-28 14:48:16 | INFO | fairseq.data.data_utils | loaded 804646 examples from: /users10/hanc/EG3P/data/pretrain_mixed_1M/bin/train.src-tgt.tgt
2023-05-28 14:48:16 | INFO | fairseq.tasks.translation | /users10/hanc/EG3P/data/pretrain_mixed_1M/bin train src-tgt 804646 examples
2023-05-28 14:48:17 | INFO | fairseq.trainer | begin training epoch 1
2023-05-28 14:48:21 | INFO | fairseq.trainer | NOTE: overflow detected, setting loss scale to: 64.0
2023-05-28 14:48:23 | INFO | fairseq.trainer | NOTE: overflow detected, setting loss scale to: 32.0
2023-05-28 14:48:25 | INFO | fairseq.trainer | NOTE: overflow detected, setting loss scale to: 16.0
2023-05-28 14:48:26 | INFO | fairseq.trainer | NOTE: overflow detected, setting loss scale to: 8.0
2023-05-28 14:48:28 | INFO | fairseq.trainer | NOTE: overflow detected, setting loss scale to: 4.0
2023-05-28 14:48:29 | INFO | fairseq.trainer | NOTE: overflow detected, setting loss scale to: 2.0
2023-05-28 14:48:35 | INFO | fairseq.trainer | NOTE: overflow detected, setting loss scale to: 1.0
2023-05-28 14:48:37 | INFO | fairseq.trainer | NOTE: overflow detected, setting loss scale to: 0.5
2023-05-28 14:48:51 | INFO | fairseq.trainer | NOTE: overflow detected, setting loss scale to: 0.25
2023-05-28 14:48:54 | INFO | train_inner | {"epoch": 1, "update": 0.002, "loss": "6.065", "nll_loss": "3.752", "total": "1556.4", "n_correct": "1035.2", "ppl": "13.48", "accuracy": "66.512", "wps": "918.5", "ups": "0.58", "wpb": "1556.4", "bsz": "66.9", "num_updates": "10", "lr": "4e-08", "gnorm": "131.301", "clip": "100", "loss_scale": "0.25", "train_wall": "17", "wall": "84"}
2023-05-28 14:48:55 | INFO | fairseq.trainer | NOTE: overflow detected, setting loss scale to: 0.125
2023-05-28 14:48:55 | INFO | train_inner | {"epoch": 1, "update": 0.002, "loss": null, "nll_loss": null, "total": null, "n_correct": null, "ppl": "0", "accuracy": "nan", "wps": "0", "ups": "0", "wpb": null, "bsz": null, "num_updates": null, "lr": null, "gnorm": null, "clip": null, "loss_scale": "0.125", "train_wall": "1", "wall": "85"}
2023-05-28 14:49:11 | INFO | train_inner | {"epoch": 1, "update": 0.003, "loss": "6.209", "nll_loss": "3.913", "total": "1476.7", "n_correct": "963.3", "ppl": "15.06", "accuracy": "65.233", "wps": "959.3", "ups": "0.65", "wpb": "1476.7", "bsz": "67.2", "num_updates": "20", "lr": "8e-08", "gnorm": "217.872", "clip": "100", "loss_scale": "0.125", "train_wall": "15", "wall": "101"}
2023-05-28 14:49:26 | INFO | train_inner | {"epoch": 1, "update": 0.003, "loss": "6.352", "nll_loss": "4.073", "total": "1480.1", "n_correct": "953.5", "ppl": "16.83", "accuracy": "64.421", "wps": "966.8", "ups": "0.65", "wpb": "1480.1", "bsz": "71", "num_updates": "30", "lr": "1.2e-07", "gnorm": "205.892", "clip": "100", "loss_scale": "0.125", "train_wall": "15", "wall": "116"}
2023-05-28 14:49:41 | INFO | train_inner | {"epoch": 1, "update": 0.004, "loss": "6.537", "nll_loss": "4.297", "total": "1441.9", "n_correct": "906.7", "ppl": "19.66", "accuracy": "62.882", "wps": "950.2", "ups": "0.66", "wpb": "1441.9", "bsz": "74", "num_updates": "40", "lr": "1.6e-07", "gnorm": "256.177", "clip": "100", "loss_scale": "0.125", "train_wall": "15", "wall": "131"}
2023-05-28 14:49:56 | INFO | train_inner | {"epoch": 1, "update": 0.005, "loss": "6.436", "nll_loss": "4.209", "total": "1447.2", "n_correct": "908.5", "ppl": "18.49", "accuracy": "62.776", "wps": "956.3", "ups": "0.66", "wpb": "1447.2", "bsz": "73.8", "num_updates": "50", "lr": "2e-07", "gnorm": "254.388", "clip": "100", "loss_scale": "0.125", "train_wall": "15", "wall": "146"}
2023-05-28 14:50:12 | INFO | train_inner | {"epoch": 1, "update": 0.006, "loss": "6.063", "nll_loss": "3.739", "total": "1492.2", "n_correct": "997.5", "ppl": "13.36", "accuracy": "66.848", "wps": "980.2", "ups": "0.66", "wpb": "1492.2", "bsz": "60.5", "num_updates": "60", "lr": "2.4e-07", "gnorm": "116.236", "clip": "100", "loss_scale": "0.125", "train_wall": "15", "wall": "162"}
2023-05-28 14:50:25 | INFO | fairseq.trainer | NOTE: overflow detected, setting loss scale to: 0.0625
2023-05-28 14:50:28 | INFO | train_inner | {"epoch": 1, "update": 0.007, "loss": "6.223", "nll_loss": "3.936", "total": "1410.7", "n_correct": "921.7", "ppl": "15.3", "accuracy": "65.336", "wps": "852.2", "ups": "0.6", "wpb": "1410.7", "bsz": "63.7", "num_updates": "70", "lr": "2.8e-07", "gnorm": "230.868", "clip": "100", "loss_scale": "0.0625", "train_wall": "17", "wall": "178"}
2023-05-28 14:50:44 | INFO | train_inner | {"epoch": 1, "update": 0.008, "loss": "6.505", "nll_loss": "4.25", "total": "1546", "n_correct": "982.3", "ppl": "19.02", "accuracy": "63.538", "wps": "988.9", "ups": "0.64", "wpb": "1546", "bsz": "82.6", "num_updates": "80", "lr": "3.2e-07", "gnorm": "248.944", "clip": "100", "loss_scale": "0.0625", "train_wall": "16", "wall": "194"}
2023-05-28 14:50:59 | INFO | train_inner | {"epoch": 1, "update": 0.009, "loss": "6.309", "nll_loss": "4.046", "total": "1496.6", "n_correct": "958.7", "ppl": "16.52", "accuracy": "64.059", "wps": "982.8", "ups": "0.66", "wpb": "1496.6", "bsz": "69.2", "num_updates": "90", "lr": "3.6e-07", "gnorm": "175.547", "clip": "100", "loss_scale": "0.0625", "train_wall": "15", "wall": "209"}
2023-05-28 14:51:14 | INFO | train_inner | {"epoch": 1, "update": 0.01, "loss": "6.112", "nll_loss": "3.792", "total": "1515.8", "n_correct": "1010", "ppl": "13.85", "accuracy": "66.631", "wps": "989.4", "ups": "0.65", "wpb": "1515.8", "bsz": "64.9", "num_updates": "100", "lr": "4e-07", "gnorm": "197.006", "clip": "100", "loss_scale": "0.0625", "train_wall": "15", "wall": "224"}
2023-05-28 14:51:30 | INFO | train_inner | {"epoch": 1, "update": 0.01, "loss": "6.337", "nll_loss": "4.042", "total": "1451.3", "n_correct": "942.7", "ppl": "16.48", "accuracy": "64.956", "wps": "960.9", "ups": "0.66", "wpb": "1451.3", "bsz": "71.2", "num_updates": "110", "lr": "4.4e-07", "gnorm": "258.323", "clip": "100", "loss_scale": "0.0625", "train_wall": "15", "wall": "239"}
2023-05-28 14:51:45 | INFO | train_inner | {"epoch": 1, "update": 0.011, "loss": "6.272", "nll_loss": "3.988", "total": "1480", "n_correct": "957.7", "ppl": "15.87", "accuracy": "64.709", "wps": "975.1", "ups": "0.66", "wpb": "1480", "bsz": "70.7", "num_updates": "120", "lr": "4.8e-07", "gnorm": "148.395", "clip": "100", "loss_scale": "0.0625", "train_wall": "15", "wall": "255"}
2023-05-28 14:52:00 | INFO | train_inner | {"epoch": 1, "update": 0.012, "loss": "6.372", "nll_loss": "4.103", "total": "1467.1", "n_correct": "941.9", "ppl": "17.18", "accuracy": "64.201", "wps": "951.3", "ups": "0.65", "wpb": "1467.1", "bsz": "80.1", "num_updates": "130", "lr": "5.2e-07", "gnorm": "308.492", "clip": "100", "loss_scale": "0.0625", "train_wall": "15", "wall": "270"}
2023-05-28 14:52:16 | INFO | train_inner | {"epoch": 1, "update": 0.013, "loss": "6.176", "nll_loss": "3.877", "total": "1560.2", "n_correct": "1032.3", "ppl": "14.69", "accuracy": "66.165", "wps": "1011.7", "ups": "0.65", "wpb": "1560.2", "bsz": "75.2", "num_updates": "140", "lr": "5.6e-07", "gnorm": "207.719", "clip": "100", "loss_scale": "0.0625", "train_wall": "15", "wall": "286"}
2023-05-28 14:52:31 | INFO | train_inner | {"epoch": 1, "update": 0.014, "loss": "6.031", "nll_loss": "3.72", "total": "1482.9", "n_correct": "984.3", "ppl": "13.18", "accuracy": "66.377", "wps": "971.5", "ups": "0.66", "wpb": "1482.9", "bsz": "67.4", "num_updates": "150", "lr": "6e-07", "gnorm": "159.318", "clip": "100", "loss_scale": "0.0625", "train_wall": "15", "wall": "301"}
2023-05-28 14:52:46 | INFO | train_inner | {"epoch": 1, "update": 0.015, "loss": "6.117", "nll_loss": "3.811", "total": "1547.4", "n_correct": "1030", "ppl": "14.03", "accuracy": "66.563", "wps": "999.9", "ups": "0.65", "wpb": "1547.4", "bsz": "74.1", "num_updates": "160", "lr": "6.4e-07", "gnorm": "130.865", "clip": "100", "loss_scale": "0.0625", "train_wall": "15", "wall": "316"}
2023-05-28 14:53:02 | INFO | train_inner | {"epoch": 1, "update": 0.016, "loss": "6.101", "nll_loss": "3.806", "total": "1433.8", "n_correct": "946.5", "ppl": "13.99", "accuracy": "66.013", "wps": "940.7", "ups": "0.66", "wpb": "1433.8", "bsz": "72.6", "num_updates": "170", "lr": "6.8e-07", "gnorm": "139.944", "clip": "100", "loss_scale": "0.0625", "train_wall": "15", "wall": "332"}
2023-05-28 14:53:17 | INFO | train_inner | {"epoch": 1, "update": 0.017, "loss": "5.911", "nll_loss": "3.595", "total": "1550", "n_correct": "1053.1", "ppl": "12.08", "accuracy": "67.942", "wps": "1005.4", "ups": "0.65", "wpb": "1550", "bsz": "75", "num_updates": "180", "lr": "7.2e-07", "gnorm": "198.514", "clip": "100", "loss_scale": "0.0625", "train_wall": "15", "wall": "347"}
2023-05-28 14:53:32 | INFO | train_inner | {"epoch": 1, "update": 0.017, "loss": "5.898", "nll_loss": "3.566", "total": "1480.2", "n_correct": "998.3", "ppl": "11.84", "accuracy": "67.444", "wps": "961.8", "ups": "0.65", "wpb": "1480.2", "bsz": "71", "num_updates": "190", "lr": "7.6e-07", "gnorm": "148.719", "clip": "100", "loss_scale": "0.0625", "train_wall": "15", "wall": "362"}
2023-05-28 14:53:48 | INFO | train_inner | {"epoch": 1, "update": 0.018, "loss": "5.772", "nll_loss": "3.421", "total": "1513.6", "n_correct": "1036.5", "ppl": "10.71", "accuracy": "68.479", "wps": "990", "ups": "0.65", "wpb": "1513.6", "bsz": "68.5", "num_updates": "200", "lr": "8e-07", "gnorm": "345.961", "clip": "100", "loss_scale": "0.0625", "train_wall": "15", "wall": "378"}
2023-05-28 14:54:03 | INFO | train_inner | {"epoch": 1, "update": 0.019, "loss": "5.628", "nll_loss": "3.28", "total": "1538.8", "n_correct": "1064.1", "ppl": "9.71", "accuracy": "69.151", "wps": "995.4", "ups": "0.65", "wpb": "1538.8", "bsz": "63.4", "num_updates": "210", "lr": "8.4e-07", "gnorm": "133.128", "clip": "100", "loss_scale": "0.0625", "train_wall": "15", "wall": "393"}
